[2023-09-10 19:34:24] [INFO    ] discord.gateway: Shard ID None has successfully RESUMED session 73a16b299f69a1b24b65d4b412b2873e.
[2023-09-10 22:28:27] [INFO    ] discord.gateway: Shard ID None has successfully RESUMED session 73a16b299f69a1b24b65d4b412b2873e.
[2023-09-11 01:17:19] [INFO    ] discord.client: logging in using static token
[2023-09-11 01:17:20] [INFO    ] discord.gateway: Shard ID None has connected to Gateway (Session ID: 6aa55381bb5b210a66dfb21fda75398b).
[2023-09-11 01:18:12] [INFO    ] discord.client: logging in using static token
[2023-09-11 01:18:13] [INFO    ] discord.gateway: Shard ID None has connected to Gateway (Session ID: 7cf862065b73b44e0786cb5ae143aa6b).
[2023-09-11 01:20:24] [INFO    ] discord.client: logging in using static token
[2023-09-11 01:20:25] [INFO    ] discord.gateway: Shard ID None has connected to Gateway (Session ID: da9ddc202e2b25700ea59a1467c3c336).
[2023-09-11 01:33:54] [INFO    ] discord.client: logging in using static token
[2023-09-11 01:33:55] [INFO    ] discord.gateway: Shard ID None has connected to Gateway (Session ID: f11e597795fef7666dd5657418578cdc).
[2023-09-11 01:49:03] [INFO    ] discord.client: logging in using static token
[2023-09-11 01:49:04] [INFO    ] discord.gateway: Shard ID None has connected to Gateway (Session ID: 54d259589892629a1de277c8d9059c3a).
[2023-09-11 02:57:02] [INFO    ] discord.gateway: Shard ID None has successfully RESUMED session 54d259589892629a1de277c8d9059c3a.
python3: can't open file '/home/pi/project/discord-bot/main.': [Errno 2] No such file or directory
Traceback (most recent call last):
  File "/home/pi/project/discord-bot/main.py", line 1, in <module>
    import bot
  File "/home/pi/project/discord-bot/bot.py", line 2, in <module>
    import responses
  File "/home/pi/project/discord-bot/responses.py", line 41
    if p_message = "!reboot":
                 ^
SyntaxError: invalid syntax
[2023-09-11 04:01:36] [INFO    ] discord.client: logging in using static token
[2023-09-11 04:01:37] [INFO    ] discord.gateway: Shard ID None has connected to Gateway (Session ID: 37456604a27a0be5b39e3d1a2bef2eef).
[2023-09-11 04:08:03] [INFO    ] discord.client: logging in using static token
[2023-09-11 04:08:04] [INFO    ] discord.gateway: Shard ID None has connected to Gateway (Session ID: 5664bd7f59263326cf647af8d6a484c5).
[2023-09-11 04:10:05] [INFO    ] discord.client: logging in using static token
[2023-09-11 04:10:06] [INFO    ] discord.gateway: Shard ID None has connected to Gateway (Session ID: ba53f2cceb54b0742b5284f65ea7b93f).
[2023-09-11 04:10:29] [INFO    ] discord.client: logging in using static token
[2023-09-11 04:10:30] [INFO    ] discord.gateway: Shard ID None has connected to Gateway (Session ID: 9f9c59b3b5262d46a986cdc602cedd09).
[2023-09-11 04:11:20] [INFO    ] discord.client: logging in using static token
[2023-09-11 04:11:21] [INFO    ] discord.gateway: Shard ID None has connected to Gateway (Session ID: b7e6c97176e236b1e276c7e44ea5cee5).
[2023-09-11 07:36:33] [INFO    ] discord.gateway: Shard ID None has successfully RESUMED session b7e6c97176e236b1e276c7e44ea5cee5.
[2023-09-11 08:52:20] [INFO    ] discord.gateway: Shard ID None has successfully RESUMED session b7e6c97176e236b1e276c7e44ea5cee5.
[2023-09-11 09:43:30] [INFO    ] discord.gateway: Shard ID None has successfully RESUMED session b7e6c97176e236b1e276c7e44ea5cee5.
[2023-09-11 11:58:52] [INFO    ] discord.gateway: Shard ID None has successfully RESUMED session b7e6c97176e236b1e276c7e44ea5cee5.
[2023-09-11 15:06:19] [INFO    ] discord.gateway: Shard ID None has successfully RESUMED session b7e6c97176e236b1e276c7e44ea5cee5.
[2023-09-11 15:40:22] [INFO    ] discord.gateway: Shard ID None has successfully RESUMED session b7e6c97176e236b1e276c7e44ea5cee5.
[2023-09-11 17:13:42] [INFO    ] discord.gateway: Shard ID None has successfully RESUMED session b7e6c97176e236b1e276c7e44ea5cee5.
[2023-09-11 18:10:40] [INFO    ] discord.gateway: Shard ID None has successfully RESUMED session b7e6c97176e236b1e276c7e44ea5cee5.
[2023-09-11 18:51:14] [INFO    ] discord.gateway: Shard ID None has successfully RESUMED session b7e6c97176e236b1e276c7e44ea5cee5.
[2023-09-11 19:08:57] [INFO    ] discord.gateway: Shard ID None has successfully RESUMED session b7e6c97176e236b1e276c7e44ea5cee5.
[2023-09-11 20:33:48] [INFO    ] discord.gateway: Shard ID None has successfully RESUMED session b7e6c97176e236b1e276c7e44ea5cee5.
[2023-09-11 20:44:40] [INFO    ] discord.gateway: Shard ID None has successfully RESUMED session b7e6c97176e236b1e276c7e44ea5cee5.
[2023-09-11 23:12:16] [INFO    ] discord.gateway: Shard ID None has successfully RESUMED session b7e6c97176e236b1e276c7e44ea5cee5.
[2023-09-12 00:17:43] [INFO    ] discord.client: logging in using static token
[2023-09-12 00:17:44] [INFO    ] discord.gateway: Shard ID None has connected to Gateway (Session ID: 4ecfea6ab9bf5f1ff6eba203a1bc8bb1).
[2023-09-12 00:18:00] [INFO    ] discord.client: logging in using static token
[2023-09-12 00:18:00] [INFO    ] discord.gateway: Shard ID None has connected to Gateway (Session ID: e7db98cfadd90d227f89fbf874fb6123).
[2023-09-12 00:18:02] [INFO    ] discord.client: logging in using static token
[2023-09-12 00:18:03] [INFO    ] discord.gateway: Shard ID None has connected to Gateway (Session ID: 29de464e4ce0ac2b31dd4654a4158d8b).
[2023-09-12 00:20:13] [INFO    ] discord.client: logging in using static token
[2023-09-12 00:20:14] [INFO    ] discord.gateway: Shard ID None has connected to Gateway (Session ID: d7d44b2282a708f986fee1e0334a68f2).
[2023-09-12 00:21:09] [INFO    ] discord.client: logging in using static token
[2023-09-12 00:21:10] [INFO    ] discord.gateway: Shard ID None has connected to Gateway (Session ID: 6ed1eceeff9c4b184498e93bae53b824).
[2023-09-12 00:45:01] [INFO    ] discord.client: logging in using static token
[2023-09-12 00:45:02] [INFO    ] discord.gateway: Shard ID None has connected to Gateway (Session ID: 14665aa3aabfa69265622147bc8e5f8d).
[2023-09-12 00:50:12] [INFO    ] discord.client: logging in using static token
[2023-09-12 00:50:13] [INFO    ] discord.gateway: Shard ID None has connected to Gateway (Session ID: 765419f661dd75441f6b0251efdcd559).
[2023-09-12 00:50:21] [ERROR   ] discord.client: Ignoring exception in on_message
Traceback (most recent call last):
  File "/home/pi/.local/lib/python3.9/site-packages/discord/client.py", line 441, in _run_event
    await coro(*args, **kwargs)
  File "/home/pi/project/discord-bot/bot.py", line 33, in on_message
    save = save + f"user: {username} \nmassage: {user_message} \nchanel: {channel}\n"
UnboundLocalError: local variable 'save' referenced before assignment
[2023-09-12 00:50:28] [INFO    ] discord.client: logging in using static token
[2023-09-12 00:50:29] [INFO    ] discord.gateway: Shard ID None has connected to Gateway (Session ID: 60e5b59399502d2e36725a9d344a2390).
[2023-09-12 00:52:00] [INFO    ] discord.client: logging in using static token
[2023-09-12 00:52:01] [INFO    ] discord.gateway: Shard ID None has connected to Gateway (Session ID: 80c625b531fecc335b70bc7d469253dc).
[2023-09-12 01:10:57] [INFO    ] discord.gateway: Shard ID None has successfully RESUMED session 80c625b531fecc335b70bc7d469253dc.
[2023-09-12 04:24:57] [INFO    ] discord.gateway: Shard ID None has successfully RESUMED session 80c625b531fecc335b70bc7d469253dc.
[2023-09-12 07:41:15] [INFO    ] discord.gateway: Shard ID None has successfully RESUMED session 80c625b531fecc335b70bc7d469253dc.
[2023-09-12 10:15:37] [INFO    ] discord.gateway: Shard ID None has successfully RESUMED session 80c625b531fecc335b70bc7d469253dc.
[2023-09-12 10:49:10] [INFO    ] discord.gateway: Shard ID None has successfully RESUMED session 80c625b531fecc335b70bc7d469253dc.
[2023-09-12 14:21:21] [INFO    ] discord.gateway: Shard ID None has successfully RESUMED session 80c625b531fecc335b70bc7d469253dc.
[2023-09-12 17:15:42] [INFO    ] discord.gateway: Shard ID None has successfully RESUMED session 80c625b531fecc335b70bc7d469253dc.
[2023-09-12 18:47:15] [INFO    ] discord.gateway: Shard ID None has successfully RESUMED session 80c625b531fecc335b70bc7d469253dc.
[2023-09-12 19:57:46] [INFO    ] discord.gateway: Shard ID None has successfully RESUMED session 80c625b531fecc335b70bc7d469253dc.
[2023-09-12 20:44:18] [INFO    ] discord.gateway: Shard ID None has successfully RESUMED session 80c625b531fecc335b70bc7d469253dc.
[2023-09-12 23:22:04] [INFO    ] discord.gateway: Shard ID None has successfully RESUMED session 80c625b531fecc335b70bc7d469253dc.
[2023-09-13 01:22:03] [INFO    ] discord.gateway: Shard ID None has successfully RESUMED session 80c625b531fecc335b70bc7d469253dc.
[2023-09-13 04:07:48] [INFO    ] discord.gateway: Shard ID None has successfully RESUMED session 80c625b531fecc335b70bc7d469253dc.
[2023-09-13 07:13:53] [INFO    ] discord.gateway: Shard ID None has successfully RESUMED session 80c625b531fecc335b70bc7d469253dc.
[2023-09-13 09:42:11] [INFO    ] discord.gateway: Shard ID None has successfully RESUMED session 80c625b531fecc335b70bc7d469253dc.
[2023-09-13 11:12:12] [INFO    ] discord.gateway: Shard ID None has successfully RESUMED session 80c625b531fecc335b70bc7d469253dc.
[2023-09-13 12:40:25] [INFO    ] discord.gateway: Shard ID None has successfully RESUMED session 80c625b531fecc335b70bc7d469253dc.
[2023-09-13 15:11:19] [INFO    ] discord.gateway: Shard ID None has successfully RESUMED session 80c625b531fecc335b70bc7d469253dc.
[2023-09-13 15:38:43] [INFO    ] discord.gateway: Shard ID None has successfully RESUMED session 80c625b531fecc335b70bc7d469253dc.
[2023-09-13 16:36:33] [INFO    ] discord.gateway: Shard ID None has successfully RESUMED session 80c625b531fecc335b70bc7d469253dc.
[2023-09-13 17:04:15] [INFO    ] discord.gateway: Shard ID None has successfully RESUMED session 80c625b531fecc335b70bc7d469253dc.
[2023-09-13 17:47:48] [INFO    ] discord.gateway: Shard ID None has successfully RESUMED session 80c625b531fecc335b70bc7d469253dc.
[2023-09-13 20:24:00] [INFO    ] discord.gateway: Shard ID None has successfully RESUMED session 80c625b531fecc335b70bc7d469253dc.
[2023-09-13 23:59:56] [INFO    ] discord.gateway: Shard ID None has successfully RESUMED session 80c625b531fecc335b70bc7d469253dc.
[2023-09-14 00:26:00] [INFO    ] discord.gateway: Shard ID None has successfully RESUMED session 80c625b531fecc335b70bc7d469253dc.
[2023-09-14 04:09:51] [INFO    ] discord.gateway: Shard ID None has successfully RESUMED session 80c625b531fecc335b70bc7d469253dc.
[2023-09-14 05:12:00] [INFO    ] discord.gateway: Shard ID None has successfully RESUMED session 80c625b531fecc335b70bc7d469253dc.
[2023-09-14 06:45:26] [INFO    ] discord.gateway: Shard ID None has successfully RESUMED session 80c625b531fecc335b70bc7d469253dc.
[2023-09-14 07:43:12] [INFO    ] discord.gateway: Shard ID None has successfully RESUMED session 80c625b531fecc335b70bc7d469253dc.
[2023-09-14 08:30:22] [INFO    ] discord.gateway: Shard ID None has successfully RESUMED session 80c625b531fecc335b70bc7d469253dc.
[2023-09-14 11:10:21] [INFO    ] discord.gateway: Shard ID None has successfully RESUMED session 80c625b531fecc335b70bc7d469253dc.
[2023-09-14 13:33:25] [INFO    ] discord.gateway: Shard ID None has successfully RESUMED session 80c625b531fecc335b70bc7d469253dc.
[2023-09-14 16:17:46] [INFO    ] discord.gateway: Shard ID None has successfully RESUMED session 80c625b531fecc335b70bc7d469253dc.
[2023-09-14 17:53:07] [INFO    ] discord.gateway: Shard ID None has successfully RESUMED session 80c625b531fecc335b70bc7d469253dc.
[2023-09-14 19:17:32] [INFO    ] discord.gateway: Shard ID None has successfully RESUMED session 80c625b531fecc335b70bc7d469253dc.
[2023-09-14 23:09:41] [INFO    ] discord.gateway: Shard ID None has successfully RESUMED session 80c625b531fecc335b70bc7d469253dc.
[2023-09-14 23:36:29] [INFO    ] discord.gateway: Shard ID None has successfully RESUMED session 80c625b531fecc335b70bc7d469253dc.
[2023-09-15 03:05:17] [INFO    ] discord.gateway: Shard ID None has successfully RESUMED session 80c625b531fecc335b70bc7d469253dc.
[2023-09-15 06:15:30] [INFO    ] discord.gateway: Shard ID None has successfully RESUMED session 80c625b531fecc335b70bc7d469253dc.
[2023-09-15 07:50:02] [INFO    ] discord.gateway: Shard ID None has successfully RESUMED session 80c625b531fecc335b70bc7d469253dc.
[2023-09-15 09:17:57] [INFO    ] discord.gateway: Shard ID None has successfully RESUMED session 80c625b531fecc335b70bc7d469253dc.
[2023-09-15 11:09:44] [INFO    ] discord.gateway: Shard ID None has successfully RESUMED session 80c625b531fecc335b70bc7d469253dc.
[2023-09-15 12:59:23] [INFO    ] discord.gateway: Shard ID None has successfully RESUMED session 80c625b531fecc335b70bc7d469253dc.
[2023-09-15 13:44:48] [INFO    ] discord.gateway: Shard ID None has successfully RESUMED session 80c625b531fecc335b70bc7d469253dc.
[2023-09-15 15:59:48] [INFO    ] discord.gateway: Shard ID None has successfully RESUMED session 80c625b531fecc335b70bc7d469253dc.
[2023-09-15 16:36:48] [INFO    ] discord.gateway: Shard ID None has successfully RESUMED session 80c625b531fecc335b70bc7d469253dc.
[2023-09-15 17:30:13] [INFO    ] discord.gateway: Shard ID None has successfully RESUMED session 80c625b531fecc335b70bc7d469253dc.
[2023-09-15 18:30:02] [INFO    ] discord.gateway: Shard ID None has successfully RESUMED session 80c625b531fecc335b70bc7d469253dc.
[2023-09-15 18:56:10] [INFO    ] discord.gateway: Shard ID None has successfully RESUMED session 80c625b531fecc335b70bc7d469253dc.
[2023-09-15 19:45:41] [INFO    ] discord.gateway: Shard ID None has successfully RESUMED session 80c625b531fecc335b70bc7d469253dc.
[2023-09-15 20:49:35] [INFO    ] discord.gateway: Shard ID None has successfully RESUMED session 80c625b531fecc335b70bc7d469253dc.
[2023-09-15 20:53:01] [INFO    ] discord.gateway: Shard ID None has successfully RESUMED session 80c625b531fecc335b70bc7d469253dc.
[2023-09-15 20:56:55] [INFO    ] discord.gateway: Shard ID None has successfully RESUMED session 80c625b531fecc335b70bc7d469253dc.
[2023-09-15 22:47:45] [INFO    ] discord.gateway: Shard ID None has successfully RESUMED session 80c625b531fecc335b70bc7d469253dc.
[2023-09-16 01:16:27] [INFO    ] discord.gateway: Shard ID None has successfully RESUMED session 80c625b531fecc335b70bc7d469253dc.
[2023-09-16 01:40:42] [INFO    ] discord.gateway: Shard ID None has successfully RESUMED session 80c625b531fecc335b70bc7d469253dc.
[2023-09-16 02:49:45] [INFO    ] discord.gateway: Shard ID None has successfully RESUMED session 80c625b531fecc335b70bc7d469253dc.
[2023-09-16 04:31:52] [INFO    ] discord.gateway: Shard ID None has successfully RESUMED session 80c625b531fecc335b70bc7d469253dc.
[2023-09-16 06:04:08] [INFO    ] discord.gateway: Shard ID None has successfully RESUMED session 80c625b531fecc335b70bc7d469253dc.
[2023-09-16 06:46:05] [INFO    ] discord.gateway: Shard ID None has successfully RESUMED session 80c625b531fecc335b70bc7d469253dc.
[2023-09-16 08:21:49] [INFO    ] discord.gateway: Shard ID None has successfully RESUMED session 80c625b531fecc335b70bc7d469253dc.
[2023-09-16 09:18:56] [INFO    ] discord.gateway: Shard ID None has successfully RESUMED session 80c625b531fecc335b70bc7d469253dc.
[2023-09-16 12:06:32] [INFO    ] discord.gateway: Shard ID None has successfully RESUMED session 80c625b531fecc335b70bc7d469253dc.
[2023-09-16 12:24:16] [INFO    ] discord.gateway: Shard ID None has successfully RESUMED session 80c625b531fecc335b70bc7d469253dc.
[2023-09-16 13:49:55] [INFO    ] discord.gateway: Shard ID None has successfully RESUMED session 80c625b531fecc335b70bc7d469253dc.
[2023-09-16 15:58:46] [INFO    ] discord.gateway: Shard ID None has successfully RESUMED session 80c625b531fecc335b70bc7d469253dc.
[2023-09-16 19:37:12] [INFO    ] discord.gateway: Shard ID None has successfully RESUMED session 80c625b531fecc335b70bc7d469253dc.
[2023-09-16 22:16:48] [INFO    ] discord.gateway: Shard ID None has successfully RESUMED session 80c625b531fecc335b70bc7d469253dc.
[2023-09-17 01:02:09] [INFO    ] discord.gateway: Shard ID None has successfully RESUMED session 80c625b531fecc335b70bc7d469253dc.
[2023-09-17 03:02:34] [INFO    ] discord.gateway: Shard ID None has successfully RESUMED session 80c625b531fecc335b70bc7d469253dc.
[2023-09-17 05:48:23] [INFO    ] discord.gateway: Shard ID None has successfully RESUMED session 80c625b531fecc335b70bc7d469253dc.
[2023-09-17 07:47:48] [INFO    ] discord.gateway: Shard ID None has successfully RESUMED session 80c625b531fecc335b70bc7d469253dc.
[2023-09-17 10:33:53] [INFO    ] discord.gateway: Shard ID None has successfully RESUMED session 80c625b531fecc335b70bc7d469253dc.
[2023-09-17 13:39:01] [INFO    ] discord.gateway: Shard ID None has successfully RESUMED session 80c625b531fecc335b70bc7d469253dc.
[2023-09-17 15:00:51] [INFO    ] discord.gateway: Shard ID None has successfully RESUMED session 80c625b531fecc335b70bc7d469253dc.
[2023-09-17 15:19:10] [INFO    ] discord.gateway: Shard ID None has successfully RESUMED session 80c625b531fecc335b70bc7d469253dc.
[2023-09-17 18:28:55] [INFO    ] discord.gateway: Shard ID None has successfully RESUMED session 80c625b531fecc335b70bc7d469253dc.
[2023-09-17 20:55:27] [INFO    ] discord.gateway: Shard ID None has successfully RESUMED session 80c625b531fecc335b70bc7d469253dc.
[2023-09-17 21:44:57] [INFO    ] discord.gateway: Shard ID None has successfully RESUMED session 80c625b531fecc335b70bc7d469253dc.
[2023-09-18 00:58:56] [INFO    ] discord.gateway: Shard ID None has successfully RESUMED session 80c625b531fecc335b70bc7d469253dc.
[2023-09-18 01:17:10] [INFO    ] discord.gateway: Shard ID None has successfully RESUMED session 80c625b531fecc335b70bc7d469253dc.
[2023-09-18 03:06:05] [INFO    ] discord.gateway: Shard ID None has successfully RESUMED session 80c625b531fecc335b70bc7d469253dc.
[2023-09-18 05:04:03] [INFO    ] discord.gateway: Shard ID None has successfully RESUMED session 80c625b531fecc335b70bc7d469253dc.
[2023-09-18 06:00:41] [INFO    ] discord.gateway: Shard ID None has successfully RESUMED session 80c625b531fecc335b70bc7d469253dc.
[2023-09-27 15:00:19] [INFO    ] discord.client: logging in using static token
[2023-09-27 15:00:20] [INFO    ] discord.gateway: Shard ID None has connected to Gateway (Session ID: 702c4ecd3b65c5ce36be27e8f5da8618).
[2023-09-27 15:15:50] [INFO    ] discord.gateway: Shard ID None has successfully RESUMED session 702c4ecd3b65c5ce36be27e8f5da8618.
[2023-09-27 16:17:35] [INFO    ] discord.gateway: Shard ID None has successfully RESUMED session 702c4ecd3b65c5ce36be27e8f5da8618.
[2023-09-27 16:38:14] [INFO    ] discord.gateway: Shard ID None has successfully RESUMED session 702c4ecd3b65c5ce36be27e8f5da8618.
[2023-09-27 17:52:00] [INFO    ] discord.gateway: Shard ID None has successfully RESUMED session 702c4ecd3b65c5ce36be27e8f5da8618.
[2023-09-27 18:59:59] [INFO    ] discord.gateway: Shard ID None has successfully RESUMED session 702c4ecd3b65c5ce36be27e8f5da8618.
[2023-09-27 21:44:27] [INFO    ] discord.gateway: Shard ID None has successfully RESUMED session 702c4ecd3b65c5ce36be27e8f5da8618.
[2023-09-27 23:16:57] [INFO    ] discord.gateway: Shard ID None has successfully RESUMED session 702c4ecd3b65c5ce36be27e8f5da8618.
Traceback (most recent call last):
  File "/home/pi/project/discord-bot/main.py", line 1, in <module>
    import bot
  File "/home/pi/project/discord-bot/bot.py", line 2, in <module>
    import responses
  File "/home/pi/project/discord-bot/responses.py", line 110
    !zone               : outputs all suported time zones
                                                         ^
SyntaxError: EOL while scanning string literal
Traceback (most recent call last):
  File "/home/pi/project/discord-bot/main.py", line 1, in <module>
    import bot
  File "/home/pi/project/discord-bot/bot.py", line 2, in <module>
    import responses
  File "/home/pi/project/discord-bot/responses.py", line 110
    !zone               : outputs all suported time zones
                                                         ^
SyntaxError: EOL while scanning string literal
